<?xml version="1.0" encoding="UTF-8"?>
<!-- Generated by org.testng.reporters.JUnitReportReporter -->
<testsuite hostname="Bharath-PC" failures="0" tests="1" name="testCases.Verifylogin" time="15.041" errors="0" timestamp="2020-03-09T16:44:31 GMT" skipped="0">
  <testcase classname="testCases.Verifylogin" name="verifylogin" time="15.041"/>
</testsuite> <!-- testCases.Verifylogin -->
